<?xml version="1.0" encoding="UTF-8"?>
<testsuite name="LibraryTest" tests="4" skipped="0" failures="0" errors="0" timestamp="2017-08-04T20:13:53" hostname="aperezMac.local" time="0.342">
  <properties/>
  <testcase name="shouldPrintListOfBooks" classname="LibraryTest" time="0.34"/>
  <testcase name="shouldContainsAuthorNameWhenPrintingList" classname="LibraryTest" time="0.0"/>
  <testcase name="testStartPrintsWelcomeMessage" classname="LibraryTest" time="0.0"/>
  <testcase name="shouldContainAuthorAndPublishYearWhenPrintingList" classname="LibraryTest" time="0.001"/>
  <system-out><![CDATA[]]></system-out>
  <system-err><![CDATA[]]></system-err>
</testsuite>
